# JRE version: Java(TM) SE Runtime Environment (8.0_311-b11) (build 1.8.0_311-b11)
# Java VM: Java HotSpot(TM) 64-Bit Server VM (25.311-b11 mixed mode windows-amd64 compressed oops)
Heap:
 PSYoungGen      total 205824K, used 57724K [0x00000000db980000, 0x00000000e9080000, 0x0000000100000000)
  eden space 191488K, 30% used [0x00000000db980000,0x00000000df1df1b0,0x00000000e7480000)
  from space 14336K, 0% used [0x00000000e8280000,0x00000000e8280000,0x00000000e9080000)
  to   space 14336K, 0% used [0x00000000e7480000,0x00000000e7480000,0x00000000e8280000)
 ParOldGen       total 76288K, used 15255K [0x0000000092c00000, 0x0000000097680000, 0x00000000db980000)
  object space 76288K, 19% used [0x0000000092c00000,0x0000000093ae5f78,0x0000000097680000)
 Metaspace       used 44345K, capacity 47518K, committed 48048K, reserved 1091584K
  class space    used 5581K, capacity 6233K, committed 6320K, reserved 1048576K
GC Heap History (10 events):
Event: 1333.156 GC heap before
{Heap before GC invocations=21 (full 5):
 PSYoungGen      total 176128K, used 91569K [0x00000000db980000, 0x00000000e7980000, 0x0000000100000000)
  eden space 171008K, 53% used [0x00000000db980000,0x00000000e12ec418,0x00000000e6080000)
  from space 5120K, 0% used [0x00000000e6080000,0x00000000e6080000,0x00000000e6580000)
  to   space 12800K, 0% used [0x00000000e6d00000,0x00000000e6d00000,0x00000000e7980000)
 ParOldGen       total 76288K, used 16689K [0x0000000092c00000, 0x0000000097680000, 0x00000000db980000)
  object space 76288K, 21% used [0x0000000092c00000,0x0000000093c4c5d8,0x0000000097680000)
 Metaspace       used 44140K, capacity 47158K, committed 47408K, reserved 1091584K
  class space    used 5557K, capacity 6173K, committed 6192K, reserved 1048576K
Event: 1333.160 GC heap after
Heap after GC invocations=21 (full 5):
 PSYoungGen      total 183808K, used 4013K [0x00000000db980000, 0x00000000e7980000, 0x0000000100000000)
  eden space 171008K, 0% used [0x00000000db980000,0x00000000db980000,0x00000000e6080000)
  from space 12800K, 31% used [0x00000000e6d00000,0x00000000e70eb6e0,0x00000000e7980000)
  to   space 12800K, 0% used [0x00000000e6080000,0x00000000e6080000,0x00000000e6d00000)
 ParOldGen       total 76288K, used 16697K [0x0000000092c00000, 0x0000000097680000, 0x00000000db980000)
  object space 76288K, 21% used [0x0000000092c00000,0x0000000093c4e5d8,0x0000000097680000)
 Metaspace       used 44140K, capacity 47158K, committed 47408K, reserved 1091584K
  class space    used 5557K, capacity 6173K, committed 6192K, reserved 1048576K
}
Event: 1333.160 GC heap before
{Heap before GC invocations=22 (full 6):
 PSYoungGen      total 183808K, used 4013K [0x00000000db980000, 0x00000000e7980000, 0x0000000100000000)
  eden space 171008K, 0% used [0x00000000db980000,0x00000000db980000,0x00000000e6080000)
  from space 12800K, 31% used [0x00000000e6d00000,0x00000000e70eb6e0,0x00000000e7980000)
  to   space 12800K, 0% used [0x00000000e6080000,0x00000000e6080000,0x00000000e6d00000)
 ParOldGen       total 76288K, used 16697K [0x0000000092c00000, 0x0000000097680000, 0x00000000db980000)
  object space 76288K, 21% used [0x0000000092c00000,0x0000000093c4e5d8,0x0000000097680000)
 Metaspace       used 44140K, capacity 47158K, committed 47408K, reserved 1091584K
  class space    used 5557K, capacity 6173K, committed 6192K, reserved 1048576K
Event: 1333.243 GC heap after
Heap after GC invocations=22 (full 6):
 PSYoungGen      total 183808K, used 0K [0x00000000db980000, 0x00000000e7980000, 0x0000000100000000)
  eden space 171008K, 0% used [0x00000000db980000,0x00000000db980000,0x00000000e6080000)
  from space 12800K, 0% used [0x00000000e6d00000,0x00000000e6d00000,0x00000000e7980000)
  to   space 12800K, 0% used [0x00000000e6080000,0x00000000e6080000,0x00000000e6d00000)
 ParOldGen       total 76288K, used 16531K [0x0000000092c00000, 0x0000000097680000, 0x00000000db980000)
  object space 76288K, 21% used [0x0000000092c00000,0x0000000093c24ec0,0x0000000097680000)
 Metaspace       used 44137K, capacity 47152K, committed 47408K, reserved 1091584K
  class space    used 5556K, capacity 6171K, committed 6192K, reserved 1048576K
}
Event: 1369.612 GC heap before
{Heap before GC invocations=23 (full 6):
 PSYoungGen      total 183808K, used 171008K [0x00000000db980000, 0x00000000e7980000, 0x0000000100000000)
  eden space 171008K, 100% used [0x00000000db980000,0x00000000e6080000,0x00000000e6080000)
  from space 12800K, 0% used [0x00000000e6d00000,0x00000000e6d00000,0x00000000e7980000)
  to   space 12800K, 0% used [0x00000000e6080000,0x00000000e6080000,0x00000000e6d00000)
 ParOldGen       total 76288K, used 16531K [0x0000000092c00000, 0x0000000097680000, 0x00000000db980000)
  object space 76288K, 21% used [0x0000000092c00000,0x0000000093c24ec0,0x0000000097680000)
 Metaspace       used 44413K, capacity 47514K, committed 47664K, reserved 1091584K
  class space    used 5567K, capacity 6184K, committed 6192K, reserved 1048576K
Event: 1369.625 GC heap after
Heap after GC invocations=23 (full 6):
 PSYoungGen      total 183808K, used 11821K [0x00000000db980000, 0x00000000e9080000, 0x0000000100000000)
  eden space 171008K, 0% used [0x00000000db980000,0x00000000db980000,0x00000000e6080000)
  from space 12800K, 92% used [0x00000000e6080000,0x00000000e6c0b7f0,0x00000000e6d00000)
  to   space 14336K, 0% used [0x00000000e8280000,0x00000000e8280000,0x00000000e9080000)
 ParOldGen       total 76288K, used 16539K [0x0000000092c00000, 0x0000000097680000, 0x00000000db980000)
  object space 76288K, 21% used [0x0000000092c00000,0x0000000093c26ec0,0x0000000097680000)
 Metaspace       used 44413K, capacity 47514K, committed 47664K, reserved 1091584K
  class space    used 5567K, capacity 6184K, committed 6192K, reserved 1048576K
}
Event: 1441.663 GC heap before
{Heap before GC invocations=24 (full 6):
 PSYoungGen      total 183808K, used 49504K [0x00000000db980000, 0x00000000e9080000, 0x0000000100000000)
  eden space 171008K, 22% used [0x00000000db980000,0x00000000dde4cbe8,0x00000000e6080000)
  from space 12800K, 92% used [0x00000000e6080000,0x00000000e6c0b7f0,0x00000000e6d00000)
  to   space 14336K, 0% used [0x00000000e8280000,0x00000000e8280000,0x00000000e9080000)
 ParOldGen       total 76288K, used 16539K [0x0000000092c00000, 0x0000000097680000, 0x00000000db980000)
  object space 76288K, 21% used [0x0000000092c00000,0x0000000093c26ec0,0x0000000097680000)
 Metaspace       used 44489K, capacity 47616K, committed 47792K, reserved 1091584K
  class space    used 5570K, capacity 6218K, committed 6320K, reserved 1048576K
Event: 1441.667 GC heap after
Heap after GC invocations=24 (full 6):
 PSYoungGen      total 205824K, used 2864K [0x00000000db980000, 0x00000000e9080000, 0x0000000100000000)
  eden space 191488K, 0% used [0x00000000db980000,0x00000000db980000,0x00000000e7480000)
  from space 14336K, 19% used [0x00000000e8280000,0x00000000e854c010,0x00000000e9080000)
  to   space 14336K, 0% used [0x00000000e7480000,0x00000000e7480000,0x00000000e8280000)
 ParOldGen       total 76288K, used 16539K [0x0000000092c00000, 0x0000000097680000, 0x00000000db980000)
  object space 76288K, 21% used [0x0000000092c00000,0x0000000093c26ec0,0x0000000097680000)
 Metaspace       used 44489K, capacity 47616K, committed 47792K, reserved 1091584K
  class space    used 5570K, capacity 6218K, committed 6320K, reserved 1048576K
}
Event: 1441.667 GC heap before
{Heap before GC invocations=25 (full 7):
 PSYoungGen      total 205824K, used 2864K [0x00000000db980000, 0x00000000e9080000, 0x0000000100000000)
  eden space 191488K, 0% used [0x00000000db980000,0x00000000db980000,0x00000000e7480000)
  from space 14336K, 19% used [0x00000000e8280000,0x00000000e854c010,0x00000000e9080000)
  to   space 14336K, 0% used [0x00000000e7480000,0x00000000e7480000,0x00000000e8280000)
 ParOldGen       total 76288K, used 16539K [0x0000000092c00000, 0x0000000097680000, 0x00000000db980000)
  object space 76288K, 21% used [0x0000000092c00000,0x0000000093c26ec0,0x0000000097680000)
 Metaspace       used 44489K, capacity 47616K, committed 47792K, reserved 1091584K
  class space    used 5570K, capacity 6218K, committed 6320K, reserved 1048576K
Event: 1441.744 GC heap after
Heap after GC invocations=25 (full 7):
 PSYoungGen      total 205824K, used 0K [0x00000000db980000, 0x00000000e9080000, 0x0000000100000000)
  eden space 191488K, 0% used [0x00000000db980000,0x00000000db980000,0x00000000e7480000)
  from space 14336K, 0% used [0x00000000e8280000,0x00000000e8280000,0x00000000e9080000)
  to   space 14336K, 0% used [0x00000000e7480000,0x00000000e7480000,0x00000000e8280000)
 ParOldGen       total 76288K, used 15255K [0x0000000092c00000, 0x0000000097680000, 0x00000000db980000)
  object space 76288K, 19% used [0x0000000092c00000,0x0000000093ae5f78,0x0000000097680000)
 Metaspace       used 44277K, capacity 47342K, committed 47792K, reserved 1091584K
  class space    used 5568K, capacity 6212K, committed 6320K, reserved 1048576K
}

